0 info it worked if it ends with ok
1 verbose cli [ '/home/hugogao/Documents/Programs/nvm/versions/node/v4.6.1/bin/node',
1 verbose cli   '/home/hugogao/Documents/Programs/nvm/versions/node/v4.6.1/bin/npm',
1 verbose cli   'adduser' ]
2 info using npm@2.15.9
3 info using node@v4.6.1
4 warn Name must be lowercase
5 verbose adduser before first PUT { _id: 'org.couchdb.user:mondo',
5 verbose adduser   name: 'mondo',
5 verbose adduser   password: 'XXXXX',
5 verbose adduser   email: 'mondogao@gmail.com',
5 verbose adduser   type: 'user',
5 verbose adduser   roles: [],
5 verbose adduser   date: '2016-10-23T08:23:15.152Z' }
6 verbose request uri https://registry.npmjs.org/-/user/org.couchdb.user:mondo
7 verbose request new user, so can't send auth
8 info attempt registry request try #1 at 16:23:15
9 verbose request id a1ab6ddce2d86810
10 http request PUT https://registry.npmjs.org/-/user/org.couchdb.user:mondo
11 http 401 https://registry.npmjs.org/-/user/org.couchdb.user:mondo
12 verbose headers { 'content-type': 'application/json',
12 verbose headers   'cache-control': 'max-age=300',
12 verbose headers   'content-length': '46',
12 verbose headers   'accept-ranges': 'bytes',
12 verbose headers   date: 'Sun, 23 Oct 2016 08:23:16 GMT',
12 verbose headers   via: '1.1 varnish',
12 verbose headers   connection: 'keep-alive',
12 verbose headers   'x-served-by': 'cache-lax8642-LAX',
12 verbose headers   'x-cache': 'MISS',
12 verbose headers   'x-cache-hits': '0',
12 verbose headers   'x-timer': 'S1477210996.127316,VS0,VE182',
12 verbose headers   vary: 'Accept-Encoding' }
13 verbose request invalidating /home/hugogao/.npm/registry.npmjs.org/-/user/org.couchdb.user_3Amondo on PUT
14 verbose adduser back [ { [Error: Registry returned 401 for PUT on https://registry.npmjs.org/-/user/org.couchdb.user:mondo] statusCode: 401, code: 'E401' },
14 verbose adduser   { ok: false, id: 'org.couchdb.user:undefined' },
14 verbose adduser   '{"ok":false,"id":"org.couchdb.user:undefined"}' ]
15 warn adduser Incorrect username or password
15 warn adduser You can reset your account by visiting:
15 warn adduser
15 warn adduser     https://npmjs.org/forgot
16 verbose stack Error: Registry returned 401 for PUT on https://registry.npmjs.org/-/user/org.couchdb.user:mondo
16 verbose stack     at makeError (/home/hugogao/Documents/Programs/nvm/versions/node/v4.6.1/lib/node_modules/npm/node_modules/npm-registry-client/lib/request.js:264:12)
16 verbose stack     at CachingRegistryClient.<anonymous> (/home/hugogao/Documents/Programs/nvm/versions/node/v4.6.1/lib/node_modules/npm/node_modules/npm-registry-client/lib/request.js:242:14)
16 verbose stack     at Request._callback (/home/hugogao/Documents/Programs/nvm/versions/node/v4.6.1/lib/node_modules/npm/node_modules/npm-registry-client/lib/request.js:172:14)
16 verbose stack     at Request.self.callback (/home/hugogao/Documents/Programs/nvm/versions/node/v4.6.1/lib/node_modules/npm/node_modules/request/request.js:200:22)
16 verbose stack     at emitTwo (events.js:87:13)
16 verbose stack     at Request.emit (events.js:172:7)
16 verbose stack     at Request.<anonymous> (/home/hugogao/Documents/Programs/nvm/versions/node/v4.6.1/lib/node_modules/npm/node_modules/request/request.js:1067:10)
16 verbose stack     at emitOne (events.js:82:20)
16 verbose stack     at Request.emit (events.js:169:7)
16 verbose stack     at IncomingMessage.<anonymous> (/home/hugogao/Documents/Programs/nvm/versions/node/v4.6.1/lib/node_modules/npm/node_modules/request/request.js:988:12)
17 verbose statusCode 401
18 verbose cwd /media/hugogao/000C0CF2000D5972/Documents/学习/大二上/冰岩作坊/by-Brainstorming-2
19 error Linux 4.4.0-2-deepin-amd64
20 error argv "/home/hugogao/Documents/Programs/nvm/versions/node/v4.6.1/bin/node" "/home/hugogao/Documents/Programs/nvm/versions/node/v4.6.1/bin/npm" "adduser"
21 error node v4.6.1
22 error npm  v2.15.9
23 error code E401
24 error Registry returned 401 for PUT on https://registry.npmjs.org/-/user/org.couchdb.user:mondo
25 error If you need help, you may report this error at:
25 error     <https://github.com/npm/npm/issues>
26 verbose exit [ 1, true ]
